<?xml version="1.0" encoding="UTF-8"?>
<!-- Generated by org.testng.reporters.JUnitReportReporter -->
<testsuite skipped="0" hostname="BDC7-D-FMW3RG2" name="com.tests.NewTest2" tests="1" failures="0" timestamp="19 May 2018 07:20:02 GMT" time="12.026" errors="0">
  <testcase name="testDragAndDrop" time="12.026" classname="com.tests.NewTest2"/>
</testsuite> <!-- com.tests.NewTest2 -->
