<?xml version="1.0" encoding="UTF-8"?>
<!-- Generated by org.testng.reporters.JUnitReportReporter -->
<testsuite skipped="0" hostname="BDC7-D-FMW3RG2" name="com.tests.NewTest4" tests="1" failures="0" timestamp="19 May 2018 10:18:05 GMT" time="17.580" errors="0">
  <testcase name="testHDFC" time="17.580" classname="com.tests.NewTest4"/>
</testsuite> <!-- com.tests.NewTest4 -->
